<?xml version="1.0" encoding="UTF-8"?>
<!-- Generated by org.testng.reporters.JUnitReportReporter -->
<testsuite hostname="deldsood175052" name="test.GoogleLaunch" tests="1" failures="0" timestamp="8 Apr 2017 09:32:09 GMT" time="8.999" errors="0">
  <testcase name="Googlelaunch" time="8.999" classname="test.GoogleLaunch"/>
</testsuite> <!-- test.GoogleLaunch -->
