<?xml version="1.0" encoding="UTF-8"?>
<!-- Generated by org.testng.reporters.JUnitReportReporter -->
<testsuite hostname="deldsood175052" name="dataprovider.DataProviderDemoXls" tests="4" failures="0" timestamp="4 Mar 2017 09:38:19 GMT" time="0.010" errors="0">
  <testcase name="getNames" time="0.000" classname="dataprovider.DataProviderDemoXls"/>
  <testcase name="getNames" time="0.000" classname="dataprovider.DataProviderDemoXls"/>
  <testcase name="getNames" time="0.000" classname="dataprovider.DataProviderDemoXls"/>
  <testcase name="getNames" time="0.010" classname="dataprovider.DataProviderDemoXls"/>
</testsuite> <!-- dataprovider.DataProviderDemoXls -->
