<?xml version="1.0" encoding="UTF-8"?>
<!-- Generated by org.testng.reporters.JUnitReportReporter -->
<testsuite skipped="0" hostname="DESKTOP-FNF69NB" name="testcases.care.AddATutorTest" tests="1" failures="0" timestamp="2 Dec 2016 17:30:55 GMT" time="38.869" errors="0">
  <testcase name="AddATutor" time="38.869" classname="testcases.care.AddATutorTest"/>
</testsuite> <!-- testcases.care.AddATutorTest -->
